<?xml version="1.0" encoding="UTF-8"?>
<!-- Generated by org.testng.reporters.JUnitReportReporter -->
<testsuite hostname="DESKTOP-57QL2OO" failures="0" tests="1" name="book.hotel.room.HotelDetails" time="26.957" errors="0" timestamp="2023-07-15T16:23:33 IST" skipped="0">
  <testcase classname="book.hotel.room.HotelDetails" name="bookingforone" time="26.957"/>
</testsuite> <!-- book.hotel.room.HotelDetails -->
