<?xml version="1.0" encoding="UTF-8"?>
<!-- Generated by org.testng.reporters.JUnitReportReporter -->
<testsuite hostname="DESKTOP-57QL2OO" failures="0" tests="1" name="book.hotel.room.HotelSearchForOneAdult" time="21.527" errors="0" timestamp="2023-07-15T12:19:03 IST" skipped="0">
  <testcase classname="book.hotel.room.HotelSearchForOneAdult" name="bookingforone" time="21.527"/>
</testsuite> <!-- book.hotel.room.HotelSearchForOneAdult -->
