<?xml version="1.0" encoding="UTF-8"?>
<!-- Generated by org.testng.reporters.JUnitReportReporter -->
<testsuite hostname="DESKTOP-57QL2OO" failures="0" tests="1" name="book.hotel.room.beforeBooking" time="16.898" errors="0" timestamp="2023-07-15T01:44:53 IST" skipped="0">
  <testcase classname="book.hotel.room.beforeBooking" name="bookingforone" time="16.898"/>
</testsuite> <!-- book.hotel.room.beforeBooking -->
