<?xml version="1.0" encoding="UTF-8"?>
<!-- Generated by org.testng.reporters.JUnitReportReporter -->
<testsuite hostname="DESKTOP-57QL2OO" failures="0" tests="1" name="book.hotel.room.HotelwithFilters" time="23.072" errors="0" timestamp="2023-07-15T16:52:17 IST" skipped="0">
  <testcase classname="book.hotel.room.HotelwithFilters" name="bookingforone" time="23.072"/>
</testsuite> <!-- book.hotel.room.HotelwithFilters -->
