<?xml version="1.0" encoding="UTF-8"?>
<!-- Generated by org.testng.reporters.JUnitReportReporter -->
<testsuite hostname="DESKTOP-57QL2OO" failures="0" tests="1" name="book.hotel.room.BookForOneAdultOoty" time="37.498" errors="0" timestamp="2023-07-15T15:24:04 IST" skipped="0">
  <testcase classname="book.hotel.room.BookForOneAdultOoty" name="bookingforone" time="37.498"/>
</testsuite> <!-- book.hotel.room.BookForOneAdultOoty -->
