<?xml version="1.0" encoding="UTF-8"?>
<!-- Generated by org.testng.reporters.JUnitReportReporter -->
<testsuite hostname="DESKTOP-57QL2OO" failures="0" tests="1" name="book.hotel.room.HotelStayOneAdult" time="16.144" errors="0" timestamp="2023-07-15T00:24:44 IST" skipped="0">
  <testcase classname="book.hotel.room.HotelStayOneAdult" name="bookingforone" time="16.144"/>
</testsuite> <!-- book.hotel.room.HotelStayOneAdult -->
